[ 2017-12-31T14:05:14+08:00 ] ::1 /
INFO: [ app_init ] --START--
INFO: Run Behavior\BuildLiteBehavior [ RunTime:0.000057s ]
INFO: [ app_init ] --END-- [ RunTime:0.001387s ]
INFO: [ app_begin ] --START--
INFO: Run Behavior\ReadHtmlCacheBehavior [ RunTime:0.001987s ]
INFO: [ app_begin ] --END-- [ RunTime:0.002461s ]
INFO: [ view_parse ] --START--
INFO: Run Behavior\ParseTemplateBehavior [ RunTime:0.089962s ]
INFO: [ view_parse ] --END-- [ RunTime:0.090303s ]
INFO: [ view_filter ] --START--
INFO: Run Behavior\WriteHtmlCacheBehavior [ RunTime:0.001719s ]
INFO: [ view_filter ] --END-- [ RunTime:0.009338s ]
INFO: [ app_end ] --START--
INFO: Run Behavior\ShowPageTraceBehavior [ RunTime:0.001661s ]
INFO: [ app_end ] --END-- [ RunTime:0.001984s ]

[ 2017-12-31T14:36:03+08:00 ] ::1 /
INFO: [ app_init ] --START--
INFO: Run Behavior\BuildLiteBehavior [ RunTime:0.000033s ]
INFO: [ app_init ] --END-- [ RunTime:0.000592s ]
INFO: [ app_begin ] --START--
INFO: Run Behavior\ReadHtmlCacheBehavior [ RunTime:0.000827s ]
INFO: [ app_begin ] --END-- [ RunTime:0.001018s ]
INFO: [ view_parse ] --START--
INFO: Run Behavior\ParseTemplateBehavior [ RunTime:0.000786s ]
INFO: [ view_parse ] --END-- [ RunTime:0.000962s ]
INFO: [ view_filter ] --START--
INFO: Run Behavior\WriteHtmlCacheBehavior [ RunTime:0.000535s ]
INFO: [ view_filter ] --END-- [ RunTime:0.000679s ]
INFO: [ app_end ] --START--
INFO: Run Behavior\ShowPageTraceBehavior [ RunTime:0.000787s ]
INFO: [ app_end ] --END-- [ RunTime:0.000933s ]

[ 2017-12-31T15:23:48+08:00 ] ::1 /index.php/
INFO: [ app_init ] --START--
INFO: Run Behavior\BuildLiteBehavior [ RunTime:0.000034s ]
INFO: [ app_init ] --END-- [ RunTime:0.000710s ]
INFO: [ app_begin ] --START--
INFO: Run Behavior\ReadHtmlCacheBehavior [ RunTime:0.001065s ]
INFO: [ app_begin ] --END-- [ RunTime:0.001270s ]
INFO: [ view_parse ] --START--
INFO: Run Behavior\ParseTemplateBehavior [ RunTime:0.000879s ]
INFO: [ view_parse ] --END-- [ RunTime:0.001049s ]
INFO: [ view_filter ] --START--
INFO: Run Behavior\WriteHtmlCacheBehavior [ RunTime:0.000723s ]
INFO: [ view_filter ] --END-- [ RunTime:0.000868s ]
INFO: [ app_end ] --START--
INFO: Run Behavior\ShowPageTraceBehavior [ RunTime:0.001122s ]
INFO: [ app_end ] --END-- [ RunTime:0.001332s ]

[ 2017-12-31T15:24:09+08:00 ] ::1 /index.php/home
INFO: [ app_init ] --START--
INFO: Run Behavior\BuildLiteBehavior [ RunTime:0.000033s ]
INFO: [ app_init ] --END-- [ RunTime:0.000602s ]
INFO: [ app_begin ] --START--
INFO: Run Behavior\ReadHtmlCacheBehavior [ RunTime:0.000794s ]
INFO: [ app_begin ] --END-- [ RunTime:0.000956s ]
INFO: [ view_parse ] --START--
INFO: Run Behavior\ParseTemplateBehavior [ RunTime:0.000783s ]
INFO: [ view_parse ] --END-- [ RunTime:0.001044s ]
INFO: [ view_filter ] --START--
INFO: Run Behavior\WriteHtmlCacheBehavior [ RunTime:0.000660s ]
INFO: [ view_filter ] --END-- [ RunTime:0.000848s ]
INFO: [ app_end ] --START--
INFO: Run Behavior\ShowPageTraceBehavior [ RunTime:0.000862s ]
INFO: [ app_end ] --END-- [ RunTime:0.001009s ]

[ 2017-12-31T15:24:16+08:00 ] ::1 /index.php/home/home
INFO: [ app_init ] --START--
INFO: Run Behavior\BuildLiteBehavior [ RunTime:0.000042s ]
INFO: [ app_init ] --END-- [ RunTime:0.000730s ]
INFO: [ app_begin ] --START--
INFO: Run Behavior\ReadHtmlCacheBehavior [ RunTime:0.001101s ]
INFO: [ app_begin ] --END-- [ RunTime:0.001331s ]
SQL: SHOW COLUMNS FROM `sw_hgoods` [ RunTime:0.0036s ]
SQL: SELECT * FROM `sw_hgoods`  [ RunTime:0.0007s ]
INFO: [ view_parse ] --START--
INFO: [ template_filter ] --START--
INFO: Run Behavior\ContentReplaceBehavior [ RunTime:0.000200s ]
INFO: [ template_filter ] --END-- [ RunTime:0.000356s ]
NOTIC: [8] Undefined index: goods_small_img C:\Users\xx\Desktop\shop\Application\Runtime\Cache\Home\d7afc08e88068689bd04637b9b480409.php 第 160 行.
NOTIC: [8] Undefined index: goods_introduce C:\Users\xx\Desktop\shop\Application\Runtime\Cache\Home\d7afc08e88068689bd04637b9b480409.php 第 160 行.
NOTIC: [8] Undefined index: goods_price C:\Users\xx\Desktop\shop\Application\Runtime\Cache\Home\d7afc08e88068689bd04637b9b480409.php 第 160 行.
NOTIC: [8] Undefined index: goods_small_img C:\Users\xx\Desktop\shop\Application\Runtime\Cache\Home\d7afc08e88068689bd04637b9b480409.php 第 160 行.
NOTIC: [8] Undefined index: goods_introduce C:\Users\xx\Desktop\shop\Application\Runtime\Cache\Home\d7afc08e88068689bd04637b9b480409.php 第 160 行.
NOTIC: [8] Undefined index: goods_price C:\Users\xx\Desktop\shop\Application\Runtime\Cache\Home\d7afc08e88068689bd04637b9b480409.php 第 160 行.
NOTIC: [8] Undefined index: goods_small_img C:\Users\xx\Desktop\shop\Application\Runtime\Cache\Home\d7afc08e88068689bd04637b9b480409.php 第 160 行.
NOTIC: [8] Undefined index: goods_introduce C:\Users\xx\Desktop\shop\Application\Runtime\Cache\Home\d7afc08e88068689bd04637b9b480409.php 第 160 行.
NOTIC: [8] Undefined index: goods_price C:\Users\xx\Desktop\shop\Application\Runtime\Cache\Home\d7afc08e88068689bd04637b9b480409.php 第 160 行.
NOTIC: [8] Undefined index: goods_small_img C:\Users\xx\Desktop\shop\Application\Runtime\Cache\Home\d7afc08e88068689bd04637b9b480409.php 第 160 行.
NOTIC: [8] Undefined index: goods_introduce C:\Users\xx\Desktop\shop\Application\Runtime\Cache\Home\d7afc08e88068689bd04637b9b480409.php 第 160 行.
NOTIC: [8] Undefined index: goods_price C:\Users\xx\Desktop\shop\Application\Runtime\Cache\Home\d7afc08e88068689bd04637b9b480409.php 第 160 行.
NOTIC: [8] Undefined index: goods_small_img C:\Users\xx\Desktop\shop\Application\Runtime\Cache\Home\d7afc08e88068689bd04637b9b480409.php 第 160 行.
NOTIC: [8] Undefined index: goods_introduce C:\Users\xx\Desktop\shop\Application\Runtime\Cache\Home\d7afc08e88068689bd04637b9b480409.php 第 160 行.
NOTIC: [8] Undefined index: goods_price C:\Users\xx\Desktop\shop\Application\Runtime\Cache\Home\d7afc08e88068689bd04637b9b480409.php 第 160 行.
INFO: Run Behavior\ParseTemplateBehavior [ RunTime:0.051904s ]
INFO: [ view_parse ] --END-- [ RunTime:0.052071s ]
INFO: [ view_filter ] --START--
INFO: Run Behavior\WriteHtmlCacheBehavior [ RunTime:0.000564s ]
INFO: [ view_filter ] --END-- [ RunTime:0.000709s ]
INFO: [ app_end ] --START--
INFO: Run Behavior\ShowPageTraceBehavior [ RunTime:0.000924s ]
INFO: [ app_end ] --END-- [ RunTime:0.001179s ]

[ 2017-12-31T15:24:24+08:00 ] ::1 /index.php/home/Mobilephone.html
INFO: [ app_init ] --START--
INFO: Run Behavior\BuildLiteBehavior [ RunTime:0.000033s ]
INFO: [ app_init ] --END-- [ RunTime:0.000600s ]
INFO: [ app_begin ] --START--
INFO: Run Behavior\ReadHtmlCacheBehavior [ RunTime:0.000763s ]
INFO: [ app_begin ] --END-- [ RunTime:0.000922s ]
INFO: [ view_parse ] --START--
INFO: [ template_filter ] --START--
INFO: Run Behavior\ContentReplaceBehavior [ RunTime:0.000188s ]
INFO: [ template_filter ] --END-- [ RunTime:0.000351s ]
INFO: Run Behavior\ParseTemplateBehavior [ RunTime:0.024361s ]
INFO: [ view_parse ] --END-- [ RunTime:0.024553s ]
INFO: [ view_filter ] --START--
INFO: Run Behavior\WriteHtmlCacheBehavior [ RunTime:0.000547s ]
INFO: [ view_filter ] --END-- [ RunTime:0.000692s ]
INFO: [ app_end ] --START--
INFO: Run Behavior\ShowPageTraceBehavior [ RunTime:0.000941s ]
INFO: [ app_end ] --END-- [ RunTime:0.001158s ]

[ 2017-12-31T15:24:24+08:00 ] ::1 /index.php/home/js/cycle-slider/cycle.js
INFO: [ app_init ] --START--
INFO: Run Behavior\BuildLiteBehavior [ RunTime:0.000032s ]
INFO: [ app_init ] --END-- [ RunTime:0.000568s ]
INFO: [ app_begin ] --START--
INFO: Run Behavior\ReadHtmlCacheBehavior [ RunTime:0.000759s ]
INFO: [ app_begin ] --END-- [ RunTime:0.000917s ]
ERR: 无法加载控制器:Js

[ 2017-12-31T15:24:25+08:00 ] ::1 /index.php/home/js/cycle-slider/cycle.js
INFO: [ app_init ] --START--
INFO: Run Behavior\BuildLiteBehavior [ RunTime:0.000033s ]
INFO: [ app_init ] --END-- [ RunTime:0.000574s ]
INFO: [ app_begin ] --START--
INFO: Run Behavior\ReadHtmlCacheBehavior [ RunTime:0.000757s ]
INFO: [ app_begin ] --END-- [ RunTime:0.000914s ]
ERR: 无法加载控制器:Js

[ 2017-12-31T15:24:25+08:00 ] ::1 /index.php/home/img/demo/magazine1.jpg
INFO: [ app_init ] --START--
INFO: Run Behavior\BuildLiteBehavior [ RunTime:0.000034s ]
INFO: [ app_init ] --END-- [ RunTime:0.000585s ]

[ 2017-12-31T15:24:25+08:00 ] ::1 /index.php/home/img/demo/magazine2.jpg
INFO: [ app_init ] --START--
INFO: Run Behavior\BuildLiteBehavior [ RunTime:0.000032s ]
INFO: [ app_init ] --END-- [ RunTime:0.000571s ]

[ 2017-12-31T15:24:25+08:00 ] ::1 /index.php/home/img/demo/magazine3.jpg
INFO: [ app_init ] --START--
INFO: Run Behavior\BuildLiteBehavior [ RunTime:0.000034s ]
INFO: [ app_init ] --END-- [ RunTime:0.000620s ]

[ 2017-12-31T15:24:26+08:00 ] ::1 /index.php/home/img/demo/magazine4.jpg
INFO: [ app_init ] --START--
INFO: Run Behavior\BuildLiteBehavior [ RunTime:0.000034s ]
INFO: [ app_init ] --END-- [ RunTime:0.000579s ]

[ 2017-12-31T15:24:26+08:00 ] ::1 /index.php/home/img/demo/magazine5.jpg
INFO: [ app_init ] --START--
INFO: Run Behavior\BuildLiteBehavior [ RunTime:0.000033s ]
INFO: [ app_init ] --END-- [ RunTime:0.000587s ]

[ 2017-12-31T15:24:26+08:00 ] ::1 /index.php/home/img/demo/magazine6.jpg
INFO: [ app_init ] --START--
INFO: Run Behavior\BuildLiteBehavior [ RunTime:0.000032s ]
INFO: [ app_init ] --END-- [ RunTime:0.000569s ]

[ 2017-12-31T15:24:26+08:00 ] ::1 /index.php/home/img/top.png
INFO: [ app_init ] --START--
INFO: Run Behavior\BuildLiteBehavior [ RunTime:0.000036s ]
INFO: [ app_init ] --END-- [ RunTime:0.000668s ]

[ 2017-12-31T15:24:34+08:00 ] ::1 /index.php/home/Home.html
INFO: [ app_init ] --START--
INFO: Run Behavior\BuildLiteBehavior [ RunTime:0.000032s ]
INFO: [ app_init ] --END-- [ RunTime:0.000566s ]
INFO: [ app_begin ] --START--
INFO: Run Behavior\ReadHtmlCacheBehavior [ RunTime:0.000753s ]
INFO: [ app_begin ] --END-- [ RunTime:0.000912s ]
SQL: SHOW COLUMNS FROM `sw_hgoods` [ RunTime:0.0037s ]
SQL: SELECT * FROM `sw_hgoods`  [ RunTime:0.0007s ]
INFO: [ view_parse ] --START--
INFO: [ template_filter ] --START--
INFO: Run Behavior\ContentReplaceBehavior [ RunTime:0.000167s ]
INFO: [ template_filter ] --END-- [ RunTime:0.000324s ]
NOTIC: [8] Undefined index: goods_small_img C:\Users\xx\Desktop\shop\Application\Runtime\Cache\Home\d7afc08e88068689bd04637b9b480409.php 第 160 行.
NOTIC: [8] Undefined index: goods_introduce C:\Users\xx\Desktop\shop\Application\Runtime\Cache\Home\d7afc08e88068689bd04637b9b480409.php 第 160 行.
NOTIC: [8] Undefined index: goods_price C:\Users\xx\Desktop\shop\Application\Runtime\Cache\Home\d7afc08e88068689bd04637b9b480409.php 第 160 行.
NOTIC: [8] Undefined index: goods_small_img C:\Users\xx\Desktop\shop\Application\Runtime\Cache\Home\d7afc08e88068689bd04637b9b480409.php 第 160 行.
NOTIC: [8] Undefined index: goods_introduce C:\Users\xx\Desktop\shop\Application\Runtime\Cache\Home\d7afc08e88068689bd04637b9b480409.php 第 160 行.
NOTIC: [8] Undefined index: goods_price C:\Users\xx\Desktop\shop\Application\Runtime\Cache\Home\d7afc08e88068689bd04637b9b480409.php 第 160 行.
NOTIC: [8] Undefined index: goods_small_img C:\Users\xx\Desktop\shop\Application\Runtime\Cache\Home\d7afc08e88068689bd04637b9b480409.php 第 160 行.
NOTIC: [8] Undefined index: goods_introduce C:\Users\xx\Desktop\shop\Application\Runtime\Cache\Home\d7afc08e88068689bd04637b9b480409.php 第 160 行.
NOTIC: [8] Undefined index: goods_price C:\Users\xx\Desktop\shop\Application\Runtime\Cache\Home\d7afc08e88068689bd04637b9b480409.php 第 160 行.
NOTIC: [8] Undefined index: goods_small_img C:\Users\xx\Desktop\shop\Application\Runtime\Cache\Home\d7afc08e88068689bd04637b9b480409.php 第 160 行.
NOTIC: [8] Undefined index: goods_introduce C:\Users\xx\Desktop\shop\Application\Runtime\Cache\Home\d7afc08e88068689bd04637b9b480409.php 第 160 行.
NOTIC: [8] Undefined index: goods_price C:\Users\xx\Desktop\shop\Application\Runtime\Cache\Home\d7afc08e88068689bd04637b9b480409.php 第 160 行.
NOTIC: [8] Undefined index: goods_small_img C:\Users\xx\Desktop\shop\Application\Runtime\Cache\Home\d7afc08e88068689bd04637b9b480409.php 第 160 行.
NOTIC: [8] Undefined index: goods_introduce C:\Users\xx\Desktop\shop\Application\Runtime\Cache\Home\d7afc08e88068689bd04637b9b480409.php 第 160 行.
NOTIC: [8] Undefined index: goods_price C:\Users\xx\Desktop\shop\Application\Runtime\Cache\Home\d7afc08e88068689bd04637b9b480409.php 第 160 行.
INFO: Run Behavior\ParseTemplateBehavior [ RunTime:0.017588s ]
INFO: [ view_parse ] --END-- [ RunTime:0.017753s ]
INFO: [ view_filter ] --START--
INFO: Run Behavior\WriteHtmlCacheBehavior [ RunTime:0.000564s ]
INFO: [ view_filter ] --END-- [ RunTime:0.000709s ]
INFO: [ app_end ] --START--
INFO: Run Behavior\ShowPageTraceBehavior [ RunTime:0.001419s ]
INFO: [ app_end ] --END-- [ RunTime:0.001644s ]

[ 2017-12-31T15:24:49+08:00 ] ::1 /index.php/home/Mobilephone.html
INFO: [ app_init ] --START--
INFO: Run Behavior\BuildLiteBehavior [ RunTime:0.000032s ]
INFO: [ app_init ] --END-- [ RunTime:0.000608s ]
INFO: [ app_begin ] --START--
INFO: Run Behavior\ReadHtmlCacheBehavior [ RunTime:0.000809s ]
INFO: [ app_begin ] --END-- [ RunTime:0.000973s ]
INFO: [ view_parse ] --START--
INFO: [ template_filter ] --START--
INFO: Run Behavior\ContentReplaceBehavior [ RunTime:0.000198s ]
INFO: [ template_filter ] --END-- [ RunTime:0.000377s ]
INFO: Run Behavior\ParseTemplateBehavior [ RunTime:0.014835s ]
INFO: [ view_parse ] --END-- [ RunTime:0.015030s ]
INFO: [ view_filter ] --START--
INFO: Run Behavior\WriteHtmlCacheBehavior [ RunTime:0.000628s ]
INFO: [ view_filter ] --END-- [ RunTime:0.000794s ]
INFO: [ app_end ] --START--
INFO: Run Behavior\ShowPageTraceBehavior [ RunTime:0.000946s ]
INFO: [ app_end ] --END-- [ RunTime:0.001176s ]

[ 2017-12-31T15:24:50+08:00 ] ::1 /index.php/home/js/cycle-slider/cycle.js
INFO: [ app_init ] --START--
INFO: Run Behavior\BuildLiteBehavior [ RunTime:0.000033s ]
INFO: [ app_init ] --END-- [ RunTime:0.000591s ]
INFO: [ app_begin ] --START--
INFO: Run Behavior\ReadHtmlCacheBehavior [ RunTime:0.000771s ]
INFO: [ app_begin ] --END-- [ RunTime:0.000931s ]
ERR: 无法加载控制器:Js

[ 2017-12-31T15:24:50+08:00 ] ::1 /index.php/home/js/cycle-slider/cycle.js
INFO: [ app_init ] --START--
INFO: Run Behavior\BuildLiteBehavior [ RunTime:0.000035s ]
INFO: [ app_init ] --END-- [ RunTime:0.000615s ]
INFO: [ app_begin ] --START--
INFO: Run Behavior\ReadHtmlCacheBehavior [ RunTime:0.000782s ]
INFO: [ app_begin ] --END-- [ RunTime:0.000944s ]
ERR: 无法加载控制器:Js

[ 2017-12-31T15:24:51+08:00 ] ::1 /index.php/home/img/demo/magazine1.jpg
INFO: [ app_init ] --START--
INFO: Run Behavior\BuildLiteBehavior [ RunTime:0.000057s ]
INFO: [ app_init ] --END-- [ RunTime:0.001040s ]

[ 2017-12-31T15:24:51+08:00 ] ::1 /index.php/home/img/demo/magazine2.jpg
INFO: [ app_init ] --START--
INFO: Run Behavior\BuildLiteBehavior [ RunTime:0.000033s ]
INFO: [ app_init ] --END-- [ RunTime:0.000576s ]

[ 2017-12-31T15:24:51+08:00 ] ::1 /index.php/home/img/demo/magazine3.jpg
INFO: [ app_init ] --START--
INFO: Run Behavior\BuildLiteBehavior [ RunTime:0.000033s ]
INFO: [ app_init ] --END-- [ RunTime:0.000615s ]

[ 2017-12-31T15:24:51+08:00 ] ::1 /index.php/home/img/demo/magazine4.jpg
INFO: [ app_init ] --START--
INFO: Run Behavior\BuildLiteBehavior [ RunTime:0.000035s ]
INFO: [ app_init ] --END-- [ RunTime:0.000580s ]

[ 2017-12-31T15:24:51+08:00 ] ::1 /index.php/home/img/demo/magazine5.jpg
INFO: [ app_init ] --START--
INFO: Run Behavior\BuildLiteBehavior [ RunTime:0.000052s ]
INFO: [ app_init ] --END-- [ RunTime:0.000811s ]

[ 2017-12-31T15:24:52+08:00 ] ::1 /index.php/home/img/demo/magazine6.jpg
INFO: [ app_init ] --START--
INFO: Run Behavior\BuildLiteBehavior [ RunTime:0.000033s ]
INFO: [ app_init ] --END-- [ RunTime:0.000566s ]

[ 2017-12-31T15:24:52+08:00 ] ::1 /index.php/home/img/top.png
INFO: [ app_init ] --START--
INFO: Run Behavior\BuildLiteBehavior [ RunTime:0.000057s ]
INFO: [ app_init ] --END-- [ RunTime:0.001430s ]

[ 2017-12-31T15:24:53+08:00 ] ::1 /index.php/home/Flatpc.html
INFO: [ app_init ] --START--
INFO: Run Behavior\BuildLiteBehavior [ RunTime:0.000033s ]
INFO: [ app_init ] --END-- [ RunTime:0.000588s ]
INFO: [ app_begin ] --START--
INFO: Run Behavior\ReadHtmlCacheBehavior [ RunTime:0.000850s ]
INFO: [ app_begin ] --END-- [ RunTime:0.001021s ]
INFO: [ view_parse ] --START--
INFO: [ template_filter ] --START--
INFO: Run Behavior\ContentReplaceBehavior [ RunTime:0.000205s ]
INFO: [ template_filter ] --END-- [ RunTime:0.000374s ]
INFO: Run Behavior\ParseTemplateBehavior [ RunTime:0.067491s ]
INFO: [ view_parse ] --END-- [ RunTime:0.067695s ]
INFO: [ view_filter ] --START--
INFO: Run Behavior\WriteHtmlCacheBehavior [ RunTime:0.000550s ]
INFO: [ view_filter ] --END-- [ RunTime:0.000695s ]
INFO: [ app_end ] --START--
INFO: Run Behavior\ShowPageTraceBehavior [ RunTime:0.001038s ]
INFO: [ app_end ] --END-- [ RunTime:0.001345s ]

[ 2017-12-31T15:24:53+08:00 ] ::1 /index.php/home/js/jquery.min.js
INFO: [ app_init ] --START--
INFO: Run Behavior\BuildLiteBehavior [ RunTime:0.000032s ]
INFO: [ app_init ] --END-- [ RunTime:0.000578s ]
INFO: [ app_begin ] --START--
INFO: Run Behavior\ReadHtmlCacheBehavior [ RunTime:0.000812s ]
INFO: [ app_begin ] --END-- [ RunTime:0.000977s ]
ERR: 无法加载控制器:Js

[ 2017-12-31T15:24:54+08:00 ] ::1 /index.php/home/img/frontpage_thumb2.jpg
INFO: [ app_init ] --START--
INFO: Run Behavior\BuildLiteBehavior [ RunTime:0.000049s ]
INFO: [ app_init ] --END-- [ RunTime:0.000751s ]

[ 2017-12-31T15:24:54+08:00 ] ::1 /index.php/home/img/frontpage_thumb3.jpg
INFO: [ app_init ] --START--
INFO: Run Behavior\BuildLiteBehavior [ RunTime:0.000032s ]
INFO: [ app_init ] --END-- [ RunTime:0.000579s ]

[ 2017-12-31T15:24:54+08:00 ] ::1 /index.php/home/img/thumb3.jpg
INFO: [ app_init ] --START--
INFO: Run Behavior\BuildLiteBehavior [ RunTime:0.000062s ]
INFO: [ app_init ] --END-- [ RunTime:0.001105s ]

[ 2017-12-31T15:24:54+08:00 ] ::1 /index.php/home/img/demo/slide_11.jpg
INFO: [ app_init ] --START--
INFO: Run Behavior\BuildLiteBehavior [ RunTime:0.000033s ]
INFO: [ app_init ] --END-- [ RunTime:0.000608s ]

[ 2017-12-31T15:24:54+08:00 ] ::1 /index.php/home/img/demo/slide_21.jpg
INFO: [ app_init ] --START--
INFO: Run Behavior\BuildLiteBehavior [ RunTime:0.000038s ]
INFO: [ app_init ] --END-- [ RunTime:0.000620s ]

[ 2017-12-31T15:24:55+08:00 ] ::1 /index.php/home/img/demo/slide_31.jpg
INFO: [ app_init ] --START--
INFO: Run Behavior\BuildLiteBehavior [ RunTime:0.000057s ]
INFO: [ app_init ] --END-- [ RunTime:0.001073s ]

[ 2017-12-31T15:24:55+08:00 ] ::1 /index.php/home/img/thumb2.jpg
INFO: [ app_init ] --START--
INFO: Run Behavior\BuildLiteBehavior [ RunTime:0.000060s ]
INFO: [ app_init ] --END-- [ RunTime:0.000680s ]

[ 2017-12-31T15:24:55+08:00 ] ::1 /index.php/home/img/thumb1.jpg
INFO: [ app_init ] --START--
INFO: Run Behavior\BuildLiteBehavior [ RunTime:0.000036s ]
INFO: [ app_init ] --END-- [ RunTime:0.000827s ]

[ 2017-12-31T15:24:55+08:00 ] ::1 /index.php/home/img/frontpage_thumb4.jpg
INFO: [ app_init ] --START--
INFO: Run Behavior\BuildLiteBehavior [ RunTime:0.000052s ]
INFO: [ app_init ] --END-- [ RunTime:0.000846s ]

[ 2017-12-31T15:24:56+08:00 ] ::1 /index.php/home/img/demo_ad.png
INFO: [ app_init ] --START--
INFO: Run Behavior\BuildLiteBehavior [ RunTime:0.000033s ]
INFO: [ app_init ] --END-- [ RunTime:0.000576s ]

[ 2017-12-31T15:24:56+08:00 ] ::1 /index.php/home/img/frontpage_thumb1.jpg
INFO: [ app_init ] --START--
INFO: Run Behavior\BuildLiteBehavior [ RunTime:0.000032s ]
INFO: [ app_init ] --END-- [ RunTime:0.000595s ]

[ 2017-12-31T15:25:00+08:00 ] ::1 /index.php/home/Service.html
INFO: [ app_init ] --START--
INFO: Run Behavior\BuildLiteBehavior [ RunTime:0.000034s ]
INFO: [ app_init ] --END-- [ RunTime:0.000588s ]
INFO: [ app_begin ] --START--
INFO: Run Behavior\ReadHtmlCacheBehavior [ RunTime:0.000765s ]
INFO: [ app_begin ] --END-- [ RunTime:0.000923s ]
INFO: [ view_parse ] --START--
INFO: [ template_filter ] --START--
INFO: Run Behavior\ContentReplaceBehavior [ RunTime:0.000203s ]
INFO: [ template_filter ] --END-- [ RunTime:0.000360s ]
INFO: Run Behavior\ParseTemplateBehavior [ RunTime:0.038480s ]
INFO: [ view_parse ] --END-- [ RunTime:0.038670s ]
INFO: [ view_filter ] --START--
INFO: Run Behavior\WriteHtmlCacheBehavior [ RunTime:0.000551s ]
INFO: [ view_filter ] --END-- [ RunTime:0.000695s ]
INFO: [ app_end ] --START--
INFO: Run Behavior\ShowPageTraceBehavior [ RunTime:0.000911s ]
INFO: [ app_end ] --END-- [ RunTime:0.001227s ]

[ 2017-12-31T15:25:00+08:00 ] ::1 /index.php/home/img/top.png
INFO: [ app_init ] --START--
INFO: Run Behavior\BuildLiteBehavior [ RunTime:0.000055s ]
INFO: [ app_init ] --END-- [ RunTime:0.000948s ]

[ 2017-12-31T15:25:17+08:00 ] ::1 /index.php/home/contact.html
INFO: [ app_init ] --START--
INFO: Run Behavior\BuildLiteBehavior [ RunTime:0.000034s ]
INFO: [ app_init ] --END-- [ RunTime:0.000595s ]
INFO: [ app_begin ] --START--
INFO: Run Behavior\ReadHtmlCacheBehavior [ RunTime:0.000793s ]
INFO: [ app_begin ] --END-- [ RunTime:0.000959s ]
INFO: [ view_parse ] --START--
INFO: [ template_filter ] --START--
INFO: Run Behavior\ContentReplaceBehavior [ RunTime:0.000168s ]
INFO: [ template_filter ] --END-- [ RunTime:0.000330s ]
INFO: Run Behavior\ParseTemplateBehavior [ RunTime:0.022722s ]
INFO: [ view_parse ] --END-- [ RunTime:0.022916s ]
INFO: [ view_filter ] --START--
INFO: Run Behavior\WriteHtmlCacheBehavior [ RunTime:0.000556s ]
INFO: [ view_filter ] --END-- [ RunTime:0.000700s ]
INFO: [ app_end ] --START--
INFO: Run Behavior\ShowPageTraceBehavior [ RunTime:0.000889s ]
INFO: [ app_end ] --END-- [ RunTime:0.001150s ]

[ 2017-12-31T15:25:18+08:00 ] ::1 /index.php/home/img/top.png
INFO: [ app_init ] --START--
INFO: Run Behavior\BuildLiteBehavior [ RunTime:0.000033s ]
INFO: [ app_init ] --END-- [ RunTime:0.000582s ]

[ 2017-12-31T15:25:19+08:00 ] ::1 /index.php/home/Service.html
INFO: [ app_init ] --START--
INFO: Run Behavior\BuildLiteBehavior [ RunTime:0.000033s ]
INFO: [ app_init ] --END-- [ RunTime:0.000568s ]
INFO: [ app_begin ] --START--
INFO: Run Behavior\ReadHtmlCacheBehavior [ RunTime:0.000750s ]
INFO: [ app_begin ] --END-- [ RunTime:0.000907s ]
INFO: [ view_parse ] --START--
INFO: [ template_filter ] --START--
INFO: Run Behavior\ContentReplaceBehavior [ RunTime:0.000204s ]
INFO: [ template_filter ] --END-- [ RunTime:0.000367s ]
INFO: Run Behavior\ParseTemplateBehavior [ RunTime:0.012975s ]
INFO: [ view_parse ] --END-- [ RunTime:0.013166s ]
INFO: [ view_filter ] --START--
INFO: Run Behavior\WriteHtmlCacheBehavior [ RunTime:0.000548s ]
INFO: [ view_filter ] --END-- [ RunTime:0.000691s ]
INFO: [ app_end ] --START--
INFO: Run Behavior\ShowPageTraceBehavior [ RunTime:0.000848s ]
INFO: [ app_end ] --END-- [ RunTime:0.001065s ]

[ 2017-12-31T15:25:20+08:00 ] ::1 /index.php/home/img/top.png
INFO: [ app_init ] --START--
INFO: Run Behavior\BuildLiteBehavior [ RunTime:0.000037s ]
INFO: [ app_init ] --END-- [ RunTime:0.000931s ]

[ 2017-12-31T15:25:57+08:00 ] ::1 /index.php/home/Home.html
INFO: [ app_init ] --START--
INFO: Run Behavior\BuildLiteBehavior [ RunTime:0.000031s ]
INFO: [ app_init ] --END-- [ RunTime:0.000665s ]
INFO: [ app_begin ] --START--
INFO: Run Behavior\ReadHtmlCacheBehavior [ RunTime:0.001037s ]
INFO: [ app_begin ] --END-- [ RunTime:0.001203s ]
SQL: SHOW COLUMNS FROM `sw_hgoods` [ RunTime:0.0037s ]
SQL: SELECT * FROM `sw_hgoods`  [ RunTime:0.0009s ]
INFO: [ view_parse ] --START--
INFO: [ template_filter ] --START--
INFO: Run Behavior\ContentReplaceBehavior [ RunTime:0.000176s ]
INFO: [ template_filter ] --END-- [ RunTime:0.000342s ]
NOTIC: [8] Undefined index: goods_small_img C:\Users\xx\Desktop\shop\Application\Runtime\Cache\Home\d7afc08e88068689bd04637b9b480409.php 第 160 行.
NOTIC: [8] Undefined index: goods_introduce C:\Users\xx\Desktop\shop\Application\Runtime\Cache\Home\d7afc08e88068689bd04637b9b480409.php 第 160 行.
NOTIC: [8] Undefined index: goods_price C:\Users\xx\Desktop\shop\Application\Runtime\Cache\Home\d7afc08e88068689bd04637b9b480409.php 第 160 行.
NOTIC: [8] Undefined index: goods_small_img C:\Users\xx\Desktop\shop\Application\Runtime\Cache\Home\d7afc08e88068689bd04637b9b480409.php 第 160 行.
NOTIC: [8] Undefined index: goods_introduce C:\Users\xx\Desktop\shop\Application\Runtime\Cache\Home\d7afc08e88068689bd04637b9b480409.php 第 160 行.
NOTIC: [8] Undefined index: goods_price C:\Users\xx\Desktop\shop\Application\Runtime\Cache\Home\d7afc08e88068689bd04637b9b480409.php 第 160 行.
NOTIC: [8] Undefined index: goods_small_img C:\Users\xx\Desktop\shop\Application\Runtime\Cache\Home\d7afc08e88068689bd04637b9b480409.php 第 160 行.
NOTIC: [8] Undefined index: goods_introduce C:\Users\xx\Desktop\shop\Application\Runtime\Cache\Home\d7afc08e88068689bd04637b9b480409.php 第 160 行.
NOTIC: [8] Undefined index: goods_price C:\Users\xx\Desktop\shop\Application\Runtime\Cache\Home\d7afc08e88068689bd04637b9b480409.php 第 160 行.
NOTIC: [8] Undefined index: goods_small_img C:\Users\xx\Desktop\shop\Application\Runtime\Cache\Home\d7afc08e88068689bd04637b9b480409.php 第 160 行.
NOTIC: [8] Undefined index: goods_introduce C:\Users\xx\Desktop\shop\Application\Runtime\Cache\Home\d7afc08e88068689bd04637b9b480409.php 第 160 行.
NOTIC: [8] Undefined index: goods_price C:\Users\xx\Desktop\shop\Application\Runtime\Cache\Home\d7afc08e88068689bd04637b9b480409.php 第 160 行.
NOTIC: [8] Undefined index: goods_small_img C:\Users\xx\Desktop\shop\Application\Runtime\Cache\Home\d7afc08e88068689bd04637b9b480409.php 第 160 行.
NOTIC: [8] Undefined index: goods_introduce C:\Users\xx\Desktop\shop\Application\Runtime\Cache\Home\d7afc08e88068689bd04637b9b480409.php 第 160 行.
NOTIC: [8] Undefined index: goods_price C:\Users\xx\Desktop\shop\Application\Runtime\Cache\Home\d7afc08e88068689bd04637b9b480409.php 第 160 行.
INFO: Run Behavior\ParseTemplateBehavior [ RunTime:0.016452s ]
INFO: [ view_parse ] --END-- [ RunTime:0.016610s ]
INFO: [ view_filter ] --START--
INFO: Run Behavior\WriteHtmlCacheBehavior [ RunTime:0.000777s ]
INFO: [ view_filter ] --END-- [ RunTime:0.000923s ]

[ 2017-12-31T15:25:57+08:00 ] ::1 /index.php/home/nivo.html
INFO: [ app_init ] --START--
INFO: Run Behavior\BuildLiteBehavior [ RunTime:0.000034s ]
INFO: [ app_init ] --END-- [ RunTime:0.000575s ]
INFO: [ app_begin ] --START--
INFO: Run Behavior\ReadHtmlCacheBehavior [ RunTime:0.000776s ]
INFO: [ app_begin ] --END-- [ RunTime:0.000935s ]
ERR: 无法加载控制器:Nivo

[ 2017-12-31T15:26:02+08:00 ] ::1 /index.php/home/Home.html
INFO: [ app_init ] --START--
INFO: Run Behavior\BuildLiteBehavior [ RunTime:0.000036s ]
INFO: [ app_init ] --END-- [ RunTime:0.000588s ]
INFO: [ app_begin ] --START--
INFO: Run Behavior\ReadHtmlCacheBehavior [ RunTime:0.000785s ]
INFO: [ app_begin ] --END-- [ RunTime:0.000948s ]
SQL: SHOW COLUMNS FROM `sw_hgoods` [ RunTime:0.0033s ]
SQL: SELECT * FROM `sw_hgoods`  [ RunTime:0.0007s ]
INFO: [ view_parse ] --START--
INFO: [ template_filter ] --START--
INFO: Run Behavior\ContentReplaceBehavior [ RunTime:0.000209s ]
INFO: [ template_filter ] --END-- [ RunTime:0.000403s ]
NOTIC: [8] Undefined index: goods_small_img C:\Users\xx\Desktop\shop\Application\Runtime\Cache\Home\d7afc08e88068689bd04637b9b480409.php 第 160 行.
NOTIC: [8] Undefined index: goods_introduce C:\Users\xx\Desktop\shop\Application\Runtime\Cache\Home\d7afc08e88068689bd04637b9b480409.php 第 160 行.
NOTIC: [8] Undefined index: goods_price C:\Users\xx\Desktop\shop\Application\Runtime\Cache\Home\d7afc08e88068689bd04637b9b480409.php 第 160 行.
NOTIC: [8] Undefined index: goods_small_img C:\Users\xx\Desktop\shop\Application\Runtime\Cache\Home\d7afc08e88068689bd04637b9b480409.php 第 160 行.
NOTIC: [8] Undefined index: goods_introduce C:\Users\xx\Desktop\shop\Application\Runtime\Cache\Home\d7afc08e88068689bd04637b9b480409.php 第 160 行.
NOTIC: [8] Undefined index: goods_price C:\Users\xx\Desktop\shop\Application\Runtime\Cache\Home\d7afc08e88068689bd04637b9b480409.php 第 160 行.
NOTIC: [8] Undefined index: goods_small_img C:\Users\xx\Desktop\shop\Application\Runtime\Cache\Home\d7afc08e88068689bd04637b9b480409.php 第 160 行.
NOTIC: [8] Undefined index: goods_introduce C:\Users\xx\Desktop\shop\Application\Runtime\Cache\Home\d7afc08e88068689bd04637b9b480409.php 第 160 行.
NOTIC: [8] Undefined index: goods_price C:\Users\xx\Desktop\shop\Application\Runtime\Cache\Home\d7afc08e88068689bd04637b9b480409.php 第 160 行.
NOTIC: [8] Undefined index: goods_small_img C:\Users\xx\Desktop\shop\Application\Runtime\Cache\Home\d7afc08e88068689bd04637b9b480409.php 第 160 行.
NOTIC: [8] Undefined index: goods_introduce C:\Users\xx\Desktop\shop\Application\Runtime\Cache\Home\d7afc08e88068689bd04637b9b480409.php 第 160 行.
NOTIC: [8] Undefined index: goods_price C:\Users\xx\Desktop\shop\Application\Runtime\Cache\Home\d7afc08e88068689bd04637b9b480409.php 第 160 行.
NOTIC: [8] Undefined index: goods_small_img C:\Users\xx\Desktop\shop\Application\Runtime\Cache\Home\d7afc08e88068689bd04637b9b480409.php 第 160 行.
NOTIC: [8] Undefined index: goods_introduce C:\Users\xx\Desktop\shop\Application\Runtime\Cache\Home\d7afc08e88068689bd04637b9b480409.php 第 160 行.
NOTIC: [8] Undefined index: goods_price C:\Users\xx\Desktop\shop\Application\Runtime\Cache\Home\d7afc08e88068689bd04637b9b480409.php 第 160 行.
INFO: Run Behavior\ParseTemplateBehavior [ RunTime:0.016005s ]
INFO: [ view_parse ] --END-- [ RunTime:0.016163s ]
INFO: [ view_filter ] --START--
INFO: Run Behavior\WriteHtmlCacheBehavior [ RunTime:0.000596s ]
INFO: [ view_filter ] --END-- [ RunTime:0.000743s ]
INFO: [ app_end ] --START--
INFO: Run Behavior\ShowPageTraceBehavior [ RunTime:0.001304s ]
INFO: [ app_end ] --END-- [ RunTime:0.001526s ]

